e:\datasets\saliecydataset\applysaliencytosurfaceinspection\applysaliencytosurfaceinspection\x64\release\vc120.pdb
e:\datasets\saliecydataset\applysaliencytosurfaceinspection\applysaliencytosurfaceinspection\x64\release\sr.obj
e:\datasets\saliecydataset\applysaliencytosurfaceinspection\applysaliencytosurfaceinspection\x64\release\saliencydetectionrudinac.obj
e:\datasets\saliecydataset\applysaliencytosurfaceinspection\applysaliencytosurfaceinspection\x64\release\itti.obj
e:\datasets\saliecydataset\applysaliencytosurfaceinspection\applysaliencytosurfaceinspection\x64\release\gabor.obj
e:\datasets\saliecydataset\applysaliencytosurfaceinspection\applysaliencytosurfaceinspection\x64\release\slic.obj
e:\datasets\saliecydataset\applysaliencytosurfaceinspection\applysaliencytosurfaceinspection\x64\release\gmr.obj
e:\datasets\saliecydataset\applysaliencytosurfaceinspection\applysaliencytosurfaceinspection\x64\release\segment-image.obj
e:\datasets\saliecydataset\applysaliencytosurfaceinspection\applysaliencytosurfaceinspection\x64\release\rc.obj
e:\datasets\saliecydataset\applysaliencytosurfaceinspection\applysaliencytosurfaceinspection\x64\release\lc.obj
e:\datasets\saliecydataset\applysaliencytosurfaceinspection\applysaliencytosurfaceinspection\x64\release\hc.obj
e:\datasets\saliecydataset\applysaliencytosurfaceinspection\applysaliencytosurfaceinspection\x64\release\demo.obj
e:\datasets\saliecydataset\applysaliencytosurfaceinspection\applysaliencytosurfaceinspection\x64\release\mbp.obj
e:\datasets\saliecydataset\applysaliencytosurfaceinspection\applysaliencytosurfaceinspection\x64\release\mss.obj
e:\datasets\saliecydataset\applysaliencytosurfaceinspection\applysaliencytosurfaceinspection\x64\release\ft.obj
e:\datasets\saliecydataset\applysaliencytosurfaceinspection\applysaliencytosurfaceinspection\x64\release\ac.obj
e:\datasets\saliecydataset\applysaliencytosurfaceinspection\applysaliencytosurfaceinspection\x64\release\sun.obj
e:\datasets\saliecydataset\applysaliencytosurfaceinspection\applysaliencytosurfaceinspection\x64\release\entropyfil.obj
e:\datasets\saliecydataset\applysaliencytosurfaceinspection\applysaliencytosurfaceinspection\x64\release\demoofpaper22_oilpullution.obj
e:\datasets\saliecydataset\applysaliencytosurfaceinspection\applysaliencytosurfaceinspection\x64\release\demoharris.obj
e:\datasets\saliecydataset\applysaliencytosurfaceinspection\applysaliencytosurfaceinspection\x64\release\demoharrislikesaliency.obj
e:\datasets\saliecydataset\applysaliencytosurfaceinspection\applysaliencytosurfaceinspection\x64\release\demophot.obj
e:\datasets\saliecydataset\applysaliencytosurfaceinspection\applysaliencytosurfaceinspection\x64\release\mydemoofsaliency.obj
e:\datasets\saliecydataset\applysaliencytosurfaceinspection\applysaliencytosurfaceinspection\x64\release\demorundatasets.obj
e:\datasets\saliecydataset\applysaliencytosurfaceinspection\applysaliencytosurfaceinspection\x64\release\phot.obj
e:\datasets\saliecydataset\applysaliencytosurfaceinspection\applysaliencytosurfaceinspection\x64\release\testifallthejobisreadyforevaluate.obj
e:\datasets\saliecydataset\applysaliencytosurfaceinspection\applysaliencytosurfaceinspection\x64\release\bms.obj
e:\datasets\saliecydataset\applysaliencytosurfaceinspection\applysaliencytosurfaceinspection\x64\release\superpixel.obj
e:\datasets\saliecydataset\applysaliencytosurfaceinspection\applysaliencytosurfaceinspection\x64\release\permutohedral.obj
e:\datasets\saliecydataset\applysaliencytosurfaceinspection\applysaliencytosurfaceinspection\x64\release\filter.obj
e:\datasets\saliecydataset\applysaliencytosurfaceinspection\applysaliencytosurfaceinspection\x64\release\saliency.obj
e:\datasets\saliecydataset\applysaliencytosurfaceinspection\applysaliencytosurfaceinspection\x64\release\sf.obj
e:\datasets\saliecydataset\applysaliencytosurfaceinspection\x64\release\applysaliencytosurfaceinspection.exe
e:\datasets\saliecydataset\applysaliencytosurfaceinspection\x64\release\applysaliencytosurfaceinspection.pdb
e:\datasets\saliecydataset\applysaliencytosurfaceinspection\applysaliencytosurfaceinspection\x64\release\applysal.dcc3bb1d.tlog\cl.command.1.tlog
e:\datasets\saliecydataset\applysaliencytosurfaceinspection\applysaliencytosurfaceinspection\x64\release\applysal.dcc3bb1d.tlog\cl.read.1.tlog
e:\datasets\saliecydataset\applysaliencytosurfaceinspection\applysaliencytosurfaceinspection\x64\release\applysal.dcc3bb1d.tlog\cl.write.1.tlog
e:\datasets\saliecydataset\applysaliencytosurfaceinspection\applysaliencytosurfaceinspection\x64\release\applysal.dcc3bb1d.tlog\link.command.1.tlog
e:\datasets\saliecydataset\applysaliencytosurfaceinspection\applysaliencytosurfaceinspection\x64\release\applysal.dcc3bb1d.tlog\link.read.1.tlog
e:\datasets\saliecydataset\applysaliencytosurfaceinspection\applysaliencytosurfaceinspection\x64\release\applysal.dcc3bb1d.tlog\link.write.1.tlog
