生成启动时间为 2018/2/24 17:00:16。
     1>项目“E:\datasets\SaliecyDataset\ApplySaliencyToSurfaceInspection\ApplySaliencyToSurfaceInspection\ApplySaliencyToSurfaceInspection.vcxproj”在节点 2 上(Build 个目标)。
     1>ClCompile:
         D:\win10Bigsoftwares\vs2013\VC\bin\x86_amd64\CL.exe /c /Zi /nologo /W3 /WX- /sdl /MP /O2 /Oi /GL /D WIN32 /D NDEBUG /D _CONSOLE /D _LIB /D _MBCS /Gm- /EHsc /MD /GS /Gy /Qpar /fp:precise /Zc:wchar_t /Zc:forScope /Fo"x64\Release\\" /Fd"x64\Release\vc120.pdb" /Gd /TP /errorReport:prompt DemoRunDatasets.cpp
         DemoRunDatasets.cpp
     1>G:\opencv31\opencv\build\include\opencv2/core/mat.hpp(1965): warning C4819: 该文件包含不能在当前代码页(936)中表示的字符。请将该文件保存为 Unicode 格式以防止数据丢失
     1>G:\opencv31\opencv\build\include\opencv2/core/persistence.hpp : warning C4819: 该文件包含不能在当前代码页(936)中表示的字符。请将该文件保存为 Unicode 格式以防止数据丢失
     1>G:\opencv31\opencv\build\include\opencv2/core/utility.hpp : warning C4819: 该文件包含不能在当前代码页(936)中表示的字符。请将该文件保存为 Unicode 格式以防止数据丢失
     1>DemoRunDatasets.cpp(75): warning C4267: “初始化”: 从“size_t”转换到“int”，可能丢失数据
     1>DemoRunDatasets.cpp(76): warning C4267: “初始化”: 从“size_t”转换到“int”，可能丢失数据
     1>DemoRunDatasets.cpp(108): warning C4267: “=”: 从“size_t”转换到“int”，可能丢失数据
     1>DemoRunDatasets.cpp(112): warning C4267: “=”: 从“size_t”转换到“int”，可能丢失数据
       Link:
         D:\win10Bigsoftwares\vs2013\VC\bin\x86_amd64\link.exe /ERRORREPORT:PROMPT /OUT:"E:\datasets\SaliecyDataset\ApplySaliencyToSurfaceInspection\x64\Release\ApplySaliencyToSurfaceInspection.exe" /INCREMENTAL /NOLOGO opencv_world310.lib kernel32.lib user32.lib gdi32.lib winspool.lib comdlg32.lib advapi32.lib shell32.lib ole32.lib oleaut32.lib uuid.lib odbc32.lib odbccp32.lib /MANIFEST /MANIFESTUAC:"level='asInvoker' uiAccess='false'" /manifest:embed /DEBUG /PDB:"E:\datasets\SaliecyDataset\ApplySaliencyToSurfaceInspection\x64\Release\ApplySaliencyToSurfaceInspection.pdb" /SUBSYSTEM:CONSOLE /OPT:REF /OPT:ICF /LTCG /TLBID:1 /DYNAMICBASE /NXCOMPAT /IMPLIB:"E:\datasets\SaliecyDataset\ApplySaliencyToSurfaceInspection\x64\Release\ApplySaliencyToSurfaceInspection.lib" /MACHINE:X64 x64\Release\AC.obj
         x64\Release\BMS.obj
         x64\Release\DemoRunDatasets.obj
         x64\Release\FT.obj
         x64\Release\GMR.obj
         x64\Release\SLIC.obj
         x64\Release\HC.obj
         x64\Release\gabor.obj
         x64\Release\itti.obj
         x64\Release\LC.obj
         x64\Release\MBP.obj
         x64\Release\MSS.obj
         x64\Release\PHOT.obj
         x64\Release\RC.obj
         "x64\Release\segment-image.obj"
         x64\Release\saliencyDetectionRudinac.obj
         x64\Release\filter.obj
         x64\Release\permutohedral.obj
         x64\Release\SF.obj
         x64\Release\superpixel.obj
         x64\Release\SR.obj
     1>LINK : warning LNK4075: 忽略“/INCREMENTAL”(由于“/LTCG”规范)
         正在生成代码
         已完成代码的生成
         ApplySaliencyToSurfaceInspection.vcxproj -> E:\datasets\SaliecyDataset\ApplySaliencyToSurfaceInspection\x64\Release\ApplySaliencyToSurfaceInspection.exe
     1>已完成生成项目“E:\datasets\SaliecyDataset\ApplySaliencyToSurfaceInspection\ApplySaliencyToSurfaceInspection\ApplySaliencyToSurfaceInspection.vcxproj”(Build 个目标)的操作。

生成成功。

已用时间 00:00:05.34
